TN:
SF:src/index.ts
FN:2,(anonymous_0)
FN:2,(anonymous_1)
FN:2,(anonymous_2)
FN:2,(anonymous_3)
FN:2,(anonymous_4)
FN:5,(anonymous_5)
FN:5,(anonymous_6)
FN:5,(anonymous_7)
FN:8,(anonymous_8)
FN:39,(anonymous_9)
FN:39,(anonymous_10)
FN:39,(anonymous_11)
FN:62,(anonymous_12)
FN:63,(anonymous_13)
FN:64,(anonymous_14)
FN:69,(anonymous_15)
FN:69,(anonymous_16)
FNF:17
FNH:0
FNDA:0,(anonymous_0)
FNDA:0,(anonymous_1)
FNDA:0,(anonymous_2)
FNDA:0,(anonymous_3)
FNDA:0,(anonymous_4)
FNDA:0,(anonymous_5)
FNDA:0,(anonymous_6)
FNDA:0,(anonymous_7)
FNDA:0,(anonymous_8)
FNDA:0,(anonymous_9)
FNDA:0,(anonymous_10)
FNDA:0,(anonymous_11)
FNDA:0,(anonymous_12)
FNDA:0,(anonymous_13)
FNDA:0,(anonymous_14)
FNDA:0,(anonymous_15)
FNDA:0,(anonymous_16)
DA:2,0
DA:5,0
DA:8,0
DA:39,0
DA:61,0
DA:62,0
DA:63,0
DA:64,0
DA:69,0
LF:9
LH:0
BRF:0
BRH:0
end_of_record
TN:
SF:src/decorators/event-handler.decorator.ts
FN:6,EventHandler
FN:7,(anonymous_1)
FN:24,getEventHandlerMetadata
FNF:3
FNH:3
FNDA:3,EventHandler
FNDA:3,(anonymous_1)
FNDA:6,getEventHandlerMetadata
DA:1,4
DA:4,4
DA:6,4
DA:7,3
DA:8,3
DA:19,3
DA:20,3
DA:24,4
DA:26,6
DA:29,6
DA:30,1
DA:34,6
DA:35,1
DA:38,6
LF:14
LH:14
BRDA:13,0,0,3
BRDA:13,0,1,0
BRDA:29,1,0,1
BRDA:34,2,0,1
BRF:4
BRH:3
end_of_record
TN:
SF:src/decorators/event-publisher.decorator.ts
FN:6,EventPublisher
FN:7,(anonymous_1)
FN:22,getEventPublisherMetadata
FNF:3
FNH:3
FNDA:64,EventPublisher
FNDA:63,(anonymous_1)
FNDA:19,getEventPublisherMetadata
DA:1,1
DA:4,1
DA:6,1
DA:7,64
DA:8,63
DA:17,63
DA:18,63
DA:22,1
DA:23,19
LF:9
LH:9
BRDA:13,0,0,63
BRDA:13,0,1,43
BRF:2
BRH:2
end_of_record
TN:
SF:src/decorators/event-subscriber.decorator.ts
FN:6,EventSubscriber
FN:7,(anonymous_1)
FN:21,getEventSubscriberMetadata
FNF:3
FNH:3
FNDA:110,EventSubscriber
FNDA:109,(anonymous_1)
FNDA:25,getEventSubscriberMetadata
DA:1,4
DA:4,4
DA:6,4
DA:7,110
DA:8,109
DA:16,109
DA:17,109
DA:21,4
DA:22,25
LF:9
LH:9
BRF:0
BRH:0
end_of_record
TN:
SF:src/decorators/index.ts
FN:2,(anonymous_0)
FN:3,(anonymous_1)
FN:3,(anonymous_2)
FN:4,(anonymous_3)
FN:4,(anonymous_4)
FNF:5
FNH:0
FNDA:0,(anonymous_0)
FNDA:0,(anonymous_1)
FNDA:0,(anonymous_2)
FNDA:0,(anonymous_3)
FNDA:0,(anonymous_4)
DA:2,0
DA:3,0
DA:4,0
LF:3
LH:0
BRF:0
BRH:0
end_of_record
TN:
SF:src/modules/events.module.ts
FN:17,(anonymous_1)
FN:27,(anonymous_2)
FN:41,(anonymous_3)
FNF:3
FNH:3
FNDA:35,(anonymous_1)
FNDA:32,(anonymous_2)
FNDA:2,(anonymous_3)
DA:1,2
DA:2,2
DA:3,2
DA:4,2
DA:5,2
DA:7,2
DA:16,2
DA:19,35
DA:21,35
DA:27,32
DA:42,2
LF:11
LH:11
BRDA:17,0,0,1
BRDA:37,1,0,35
BRDA:37,1,1,2
BRF:3
BRH:3
end_of_record
TN:
SF:src/modules/index.ts
FN:2,(anonymous_0)
FNF:1
FNH:0
FNDA:0,(anonymous_0)
DA:2,0
LF:1
LH:0
BRF:0
BRH:0
end_of_record
TN:
SF:src/services/event-consumer.service.ts
FN:16,(anonymous_2)
FN:23,(anonymous_3)
FN:27,(anonymous_4)
FN:40,(anonymous_5)
FN:62,(anonymous_6)
FN:84,(anonymous_7)
FN:100,(anonymous_8)
FN:116,(anonymous_9)
FN:129,(anonymous_10)
FN:142,(anonymous_11)
FN:161,(anonymous_12)
FN:167,(anonymous_13)
FN:180,(anonymous_14)
FN:186,(anonymous_15)
FN:199,(anonymous_16)
FN:215,(anonymous_17)
FN:238,(anonymous_18)
FNF:17
FNH:17
FNDA:67,(anonymous_2)
FNDA:1,(anonymous_3)
FNDA:24,(anonymous_4)
FNDA:7,(anonymous_5)
FNDA:5,(anonymous_6)
FNDA:3,(anonymous_7)
FNDA:3,(anonymous_8)
FNDA:3,(anonymous_9)
FNDA:3,(anonymous_10)
FNDA:3,(anonymous_11)
FNDA:1,(anonymous_12)
FNDA:2,(anonymous_13)
FNDA:1,(anonymous_14)
FNDA:1,(anonymous_15)
FNDA:2,(anonymous_16)
FNDA:3,(anonymous_17)
FNDA:2,(anonymous_18)
DA:1,3
DA:4,3
DA:5,3
DA:6,3
DA:7,3
DA:8,3
DA:11,3
DA:12,67
DA:13,67
DA:14,67
DA:17,67
DA:18,67
DA:19,67
DA:20,67
DA:24,1
DA:28,24
DA:29,22
DA:31,24
DA:32,7
DA:34,17
DA:45,7
DA:46,7
DA:47,5
DA:49,5
DA:51,3
DA:52,3
DA:54,4
DA:55,4
DA:67,5
DA:68,5
DA:69,4
DA:71,4
DA:73,3
DA:74,3
DA:76,2
DA:77,2
DA:85,3
DA:86,3
DA:87,2
DA:89,1
DA:90,1
DA:92,2
DA:93,2
DA:101,3
DA:102,3
DA:103,2
DA:105,1
DA:106,1
DA:108,2
DA:109,2
DA:117,3
DA:118,3
DA:119,2
DA:121,2
DA:122,2
DA:130,3
DA:131,3
DA:132,2
DA:134,2
DA:135,2
DA:143,3
DA:144,3
DA:146,3
DA:148,3
DA:149,3
DA:150,2
DA:151,2
DA:155,3
DA:162,1
DA:164,1
DA:168,2
DA:170,2
DA:171,1
DA:181,1
DA:183,1
DA:187,1
DA:189,1
DA:190,1
DA:200,2
DA:202,2
DA:203,2
DA:208,1
DA:216,3
DA:218,3
DA:219,3
DA:220,2
DA:225,1
DA:231,1
DA:239,2
LF:89
LH:89
BRDA:28,0,0,22
BRDA:31,1,0,7
BRDA:149,2,0,2
BRDA:170,3,0,1
BRDA:189,4,0,1
BRDA:219,5,0,2
BRDA:219,5,1,1
BRF:7
BRH:7
end_of_record
TN:
SF:src/services/event-publisher.service.ts
FN:13,(anonymous_2)
FN:15,(anonymous_3)
FN:28,(anonymous_4)
FN:57,(anonymous_5)
FN:94,(anonymous_6)
FN:110,(anonymous_7)
FN:124,(anonymous_8)
FN:137,(anonymous_9)
FNF:8
FNH:8
FNDA:61,(anonymous_2)
FNDA:27,(anonymous_3)
FNDA:5,(anonymous_4)
FNDA:10,(anonymous_5)
FNDA:6,(anonymous_6)
FNDA:3,(anonymous_7)
FNDA:3,(anonymous_8)
FNDA:3,(anonymous_9)
DA:1,3
DA:4,3
DA:6,3
DA:9,3
DA:10,61
DA:11,61
DA:13,61
DA:16,27
DA:17,25
DA:19,27
DA:20,5
DA:22,22
DA:33,5
DA:34,5
DA:37,4
DA:38,4
DA:41,4
DA:42,1
DA:45,4
DA:47,3
DA:49,2
DA:50,2
DA:62,10
DA:63,10
DA:66,9
DA:82,9
DA:84,8
DA:86,2
DA:87,2
DA:95,6
DA:96,6
DA:98,5
DA:100,2
DA:102,4
DA:103,2
DA:111,3
DA:112,3
DA:113,2
DA:114,1
DA:116,2
DA:117,2
DA:125,3
DA:126,3
DA:127,2
DA:129,2
DA:130,2
DA:138,3
LF:47
LH:47
BRDA:16,0,0,25
BRDA:19,1,0,5
BRDA:41,2,0,1
BRF:3
BRH:3
end_of_record
TN:
SF:src/services/event-system.service.ts
FN:25,(anonymous_2)
FN:29,(anonymous_3)
FN:43,(anonymous_4)
FN:68,(anonymous_5)
FN:115,(anonymous_6)
FN:126,(anonymous_7)
FN:188,(anonymous_8)
FN:199,(anonymous_9)
FN:235,(anonymous_10)
FN:250,(anonymous_11)
FN:263,(anonymous_12)
FN:278,(anonymous_13)
FN:292,(anonymous_14)
FN:307,(anonymous_15)
FN:314,(anonymous_16)
FN:335,(anonymous_17)
FN:342,(anonymous_18)
FN:349,(anonymous_19)
FN:356,(anonymous_20)
FN:372,(anonymous_21)
FNF:20
FNH:19
FNDA:83,(anonymous_2)
FNDA:30,(anonymous_3)
FNDA:30,(anonymous_4)
FNDA:27,(anonymous_5)
FNDA:2,(anonymous_6)
FNDA:20,(anonymous_7)
FNDA:20,(anonymous_8)
FNDA:20,(anonymous_9)
FNDA:1,(anonymous_10)
FNDA:1,(anonymous_11)
FNDA:1,(anonymous_12)
FNDA:1,(anonymous_13)
FNDA:1,(anonymous_14)
FNDA:0,(anonymous_15)
FNDA:1,(anonymous_16)
FNDA:1,(anonymous_17)
FNDA:1,(anonymous_18)
FNDA:1,(anonymous_19)
FNDA:1,(anonymous_20)
FNDA:2,(anonymous_21)
DA:1,5
DA:2,5
DA:20,5
DA:21,83
DA:22,83
DA:26,83
DA:30,30
DA:31,30
DA:32,20
DA:33,20
DA:35,10
DA:36,10
DA:44,30
DA:45,1
DA:48,29
DA:49,1
DA:53,28
DA:54,55
DA:55,1
DA:60,27
DA:62,20
DA:70,27
DA:71,2
DA:72,1
DA:77,26
DA:78,2
DA:79,1
DA:84,25
DA:85,3
DA:86,1
DA:88,2
DA:89,1
DA:94,23
DA:95,2
DA:96,1
DA:101,22
DA:102,2
DA:103,1
DA:108,21
DA:109,2
DA:110,1
DA:116,2
DA:117,2
DA:118,1
DA:119,1
DA:122,0
DA:127,20
DA:131,20
DA:132,1
DA:136,20
DA:137,1
DA:141,20
DA:142,20
DA:144,40
DA:145,20
DA:147,40
DA:152,20
DA:153,0
DA:157,20
DA:158,0
DA:162,20
DA:163,0
DA:167,20
DA:168,0
DA:172,20
DA:173,0
DA:177,20
DA:178,0
DA:181,20
DA:182,20
DA:189,20
DA:200,20
DA:202,20
DA:203,1
DA:207,20
DA:208,1
DA:212,20
DA:213,1
DA:217,20
DA:218,1
DA:222,20
DA:223,1
DA:226,20
DA:228,0
DA:236,1
DA:237,1
DA:251,1
DA:252,1
DA:264,1
DA:265,1
DA:279,1
DA:280,1
DA:293,1
DA:294,1
DA:295,1
DA:296,1
DA:297,1
DA:298,1
DA:301,1
DA:302,0
DA:308,0
DA:309,0
DA:311,0
DA:315,1
DA:316,0
DA:323,1
DA:324,1
DA:326,0
DA:327,0
DA:336,1
DA:343,1
DA:350,1
DA:357,1
DA:373,2
LF:114
LH:99
BRDA:44,0,0,1
BRDA:44,1,0,30
BRDA:44,1,1,29
BRDA:48,2,0,1
BRDA:48,3,0,29
BRDA:48,3,1,29
BRDA:54,4,0,1
BRDA:70,5,0,2
BRDA:71,6,0,1
BRDA:71,7,0,2
BRDA:71,7,1,2
BRDA:77,8,0,2
BRDA:78,9,0,1
BRDA:78,10,0,2
BRDA:78,10,1,2
BRDA:84,11,0,3
BRDA:85,12,0,1
BRDA:88,13,0,1
BRDA:94,14,0,2
BRDA:95,15,0,1
BRDA:101,16,0,2
BRDA:102,17,0,1
BRDA:108,18,0,2
BRDA:109,19,0,1
BRDA:117,20,0,1
BRDA:131,21,0,1
BRDA:136,22,0,1
BRDA:136,23,0,20
BRDA:136,23,1,1
BRDA:141,24,0,20
BRDA:144,25,0,20
BRDA:144,26,0,40
BRDA:144,26,1,20
BRDA:152,27,0,0
BRDA:157,28,0,0
BRDA:162,29,0,0
BRDA:167,30,0,0
BRDA:172,31,0,0
BRDA:177,32,0,0
BRDA:189,33,0,20
BRDA:189,33,1,20
BRDA:189,33,2,0
BRDA:189,33,3,0
BRDA:202,34,0,1
BRDA:207,35,0,1
BRDA:212,36,0,1
BRDA:217,37,0,1
BRDA:222,38,0,1
BRDA:236,39,0,1
BRDA:236,40,0,1
BRDA:236,40,1,1
BRDA:251,41,0,1
BRDA:251,42,0,1
BRDA:251,42,1,1
BRDA:264,43,0,1
BRDA:264,44,0,1
BRDA:264,44,1,1
BRDA:279,45,0,1
BRDA:279,46,0,1
BRDA:279,46,1,1
BRDA:293,47,0,1
BRDA:293,48,0,1
BRDA:293,48,1,1
BRDA:301,49,0,0
BRDA:308,50,0,0
BRDA:315,51,0,0
BRDA:330,52,0,0
BRDA:330,52,1,0
BRDA:336,53,0,1
BRDA:336,53,1,0
BRDA:374,54,0,2
BRDA:374,54,1,2
BRDA:374,54,2,2
BRDA:374,54,3,1
BRDA:374,54,4,1
BRDA:374,54,5,1
BRDA:374,54,6,1
BRDA:374,54,7,1
BRF:78
BRH:64
end_of_record
TN:
SF:src/services/index.ts
FN:2,(anonymous_0)
FN:3,(anonymous_1)
FN:4,(anonymous_2)
FNF:3
FNH:0
FNDA:0,(anonymous_0)
FNDA:0,(anonymous_1)
FNDA:0,(anonymous_2)
DA:2,0
DA:3,0
DA:4,0
LF:3
LH:0
BRF:0
BRH:0
end_of_record
TN:
SF:src/types/handler.types.ts
FN:15,wrapNestJSEventHandler
FN:18,(anonymous_1)
FN:36,wrapNestJSPatternHandler
FN:39,(anonymous_3)
FNF:4
FNH:2
FNDA:5,wrapNestJSEventHandler
FNDA:0,(anonymous_1)
FNDA:4,wrapNestJSPatternHandler
FNDA:0,(anonymous_3)
DA:15,3
DA:18,5
DA:19,0
DA:29,0
DA:36,3
DA:39,4
DA:40,0
DA:51,0
LF:8
LH:4
BRF:0
BRH:0
end_of_record
TN:
SF:src/types/index.ts
FNF:0
FNH:0
DA:2,0
DA:3,0
DA:4,0
LF:3
LH:0
BRF:0
BRH:0
end_of_record
TN:
SF:src/utils/config.factory.ts
FN:12,(anonymous_0)
FN:141,(anonymous_1)
FN:144,(anonymous_2)
FN:156,(anonymous_3)
FN:159,(anonymous_4)
FN:171,(anonymous_5)
FN:193,(anonymous_6)
FN:204,(anonymous_7)
FNF:8
FNH:8
FNDA:56,(anonymous_0)
FNDA:2,(anonymous_1)
FNDA:3,(anonymous_2)
FNDA:2,(anonymous_3)
FNDA:3,(anonymous_4)
FNDA:2,(anonymous_5)
FNDA:2,(anonymous_6)
FNDA:37,(anonymous_7)
DA:2,3
DA:8,3
DA:13,56
DA:142,2
DA:144,1
DA:145,3
DA:146,3
DA:157,2
DA:159,2
DA:160,3
DA:161,3
DA:172,2
DA:194,2
DA:207,37
DA:210,37
DA:211,1
DA:214,36
DA:215,1
DA:218,35
DA:262,35
DA:265,35
DA:266,0
DA:269,35
DA:270,0
DA:274,35
LF:25
LH:23
BRDA:16,0,0,56
BRDA:16,0,1,55
BRDA:24,1,0,56
BRDA:24,1,1,55
BRDA:25,2,0,56
BRDA:25,2,1,55
BRDA:26,3,0,56
BRDA:26,3,1,56
BRDA:27,4,0,56
BRDA:27,4,1,55
BRDA:30,5,0,56
BRDA:30,5,1,55
BRDA:31,6,0,56
BRDA:31,6,1,55
BRDA:32,7,0,56
BRDA:32,7,1,56
BRDA:33,8,0,56
BRDA:33,8,1,56
BRDA:36,9,0,56
BRDA:36,9,1,56
BRDA:37,10,0,56
BRDA:37,10,1,56
BRDA:38,11,0,56
BRDA:38,11,1,56
BRDA:46,12,0,56
BRDA:46,12,1,56
BRDA:60,13,0,56
BRDA:60,13,1,55
BRDA:61,14,0,56
BRDA:61,14,1,55
BRDA:65,15,0,2
BRDA:65,15,1,54
BRDA:70,16,0,2
BRDA:70,16,1,1
BRDA:71,17,0,2
BRDA:71,17,1,1
BRDA:76,18,0,2
BRDA:76,18,1,54
BRDA:78,19,0,2
BRDA:78,19,1,1
BRDA:79,20,0,2
BRDA:79,20,1,1
BRDA:80,21,0,2
BRDA:80,21,1,1
BRDA:84,22,0,28
BRDA:84,22,1,28
BRDA:86,23,0,28
BRDA:86,23,1,27
BRDA:88,24,0,28
BRDA:88,24,1,1
BRDA:92,25,0,2
BRDA:92,25,1,54
BRDA:94,26,0,2
BRDA:94,26,1,1
BRDA:99,27,0,1
BRDA:99,27,1,55
BRDA:101,28,0,1
BRDA:101,28,1,0
BRDA:104,29,0,1
BRDA:104,29,1,0
BRDA:108,30,0,1
BRDA:108,30,1,55
BRDA:110,31,0,1
BRDA:110,31,1,0
BRDA:116,32,0,1
BRDA:116,32,1,55
BRDA:118,33,0,1
BRDA:118,33,1,0
BRDA:119,34,0,1
BRDA:119,34,1,0
BRDA:120,35,0,1
BRDA:120,35,1,0
BRDA:121,36,0,1
BRDA:121,36,1,0
BRDA:122,37,0,1
BRDA:122,37,1,0
BRDA:125,38,0,1
BRDA:125,38,1,0
BRDA:142,39,0,1
BRDA:148,40,0,3
BRDA:148,40,1,0
BRDA:157,41,0,0
BRDA:163,42,0,3
BRDA:163,42,1,0
BRDA:173,43,0,2
BRDA:173,43,1,1
BRDA:174,44,0,2
BRDA:174,44,1,1
BRDA:175,45,0,2
BRDA:175,45,1,1
BRDA:177,46,0,2
BRDA:177,46,1,2
BRDA:178,47,0,2
BRDA:178,47,1,2
BRDA:181,48,0,2
BRDA:181,48,1,1
BRDA:197,49,0,2
BRDA:197,49,1,1
BRDA:210,50,0,1
BRDA:210,51,0,37
BRDA:210,51,1,2
BRDA:214,52,0,1
BRDA:251,53,0,35
BRDA:251,53,1,33
BRDA:252,54,0,35
BRDA:252,54,1,35
BRDA:253,55,0,35
BRDA:253,55,1,33
BRDA:254,56,0,35
BRDA:254,56,1,33
BRDA:255,57,0,35
BRDA:255,57,1,34
BRDA:256,58,0,35
BRDA:256,58,1,34
BRDA:257,59,0,35
BRDA:257,59,1,34
BRDA:258,60,0,35
BRDA:258,60,1,34
BRDA:265,61,0,0
BRDA:269,62,0,0
BRF:120
BRH:106
end_of_record
TN:
SF:src/utils/config.validator.ts
FN:170,(anonymous_0)
FN:176,(anonymous_1)
FN:188,(anonymous_2)
FN:195,(anonymous_3)
FN:200,(anonymous_4)
FN:212,(anonymous_5)
FN:217,(anonymous_6)
FN:229,(anonymous_7)
FN:234,(anonymous_8)
FN:246,(anonymous_9)
FN:251,(anonymous_10)
FN:263,(anonymous_11)
FN:268,(anonymous_12)
FN:280,(anonymous_13)
FN:285,(anonymous_14)
FN:297,(anonymous_15)
FN:302,(anonymous_16)
FN:314,(anonymous_17)
FN:319,(anonymous_18)
FNF:19
FNH:18
FNDA:40,(anonymous_0)
FNDA:2,(anonymous_1)
FNDA:0,(anonymous_2)
FNDA:5,(anonymous_3)
FNDA:5,(anonymous_4)
FNDA:3,(anonymous_5)
FNDA:2,(anonymous_6)
FNDA:9,(anonymous_7)
FNDA:4,(anonymous_8)
FNDA:4,(anonymous_9)
FNDA:1,(anonymous_10)
FNDA:8,(anonymous_11)
FNDA:2,(anonymous_12)
FNDA:6,(anonymous_13)
FNDA:2,(anonymous_14)
FNDA:4,(anonymous_15)
FNDA:3,(anonymous_16)
FNDA:4,(anonymous_17)
FNDA:2,(anonymous_18)
DA:1,4
DA:7,4
DA:166,4
DA:171,40
DA:172,40
DA:173,38
DA:175,2
DA:176,2
DA:177,2
DA:179,2
DA:181,0
DA:189,0
DA:196,5
DA:197,5
DA:199,4
DA:200,4
DA:201,5
DA:203,4
DA:205,0
DA:213,3
DA:214,3
DA:216,2
DA:217,2
DA:218,2
DA:220,2
DA:222,0
DA:230,9
DA:231,9
DA:233,4
DA:234,4
DA:235,4
DA:237,4
DA:239,0
DA:247,4
DA:248,4
DA:250,1
DA:251,1
DA:252,1
DA:254,1
DA:256,0
DA:264,8
DA:265,8
DA:267,2
DA:268,2
DA:269,2
DA:271,2
DA:273,0
DA:281,6
DA:282,6
DA:284,2
DA:285,2
DA:286,2
DA:288,2
DA:290,0
DA:298,4
DA:299,4
DA:301,3
DA:302,3
DA:303,3
DA:305,3
DA:307,0
DA:315,4
DA:316,4
DA:318,2
DA:319,2
DA:320,2
DA:322,2
DA:324,0
LF:68
LH:58
BRDA:175,0,0,2
BRDA:199,1,0,4
BRDA:216,2,0,2
BRDA:233,3,0,4
BRDA:250,4,0,1
BRDA:267,5,0,2
BRDA:284,6,0,2
BRDA:301,7,0,3
BRDA:318,8,0,2
BRF:9
BRH:9
end_of_record
TN:
SF:src/utils/event.utils.ts
FN:9,(anonymous_0)
FN:31,(anonymous_1)
FN:38,(anonymous_2)
FN:45,(anonymous_3)
FN:52,(anonymous_4)
FN:59,(anonymous_5)
FN:78,(anonymous_6)
FN:101,(anonymous_7)
FN:109,(anonymous_8)
FN:125,(anonymous_9)
FN:132,(anonymous_10)
FN:139,(anonymous_11)
FN:149,(anonymous_12)
FN:168,(anonymous_13)
FN:169,(anonymous_14)
FN:180,(anonymous_15)
FN:194,(anonymous_16)
FN:216,(anonymous_17)
FNF:18
FNH:18
FNDA:54,(anonymous_0)
FNDA:2,(anonymous_1)
FNDA:3,(anonymous_2)
FNDA:5,(anonymous_3)
FNDA:2,(anonymous_4)
FNDA:10,(anonymous_5)
FNDA:2,(anonymous_6)
FNDA:3,(anonymous_7)
FNDA:4,(anonymous_8)
FNDA:8,(anonymous_9)
FNDA:2,(anonymous_10)
FNDA:3,(anonymous_11)
FNDA:2,(anonymous_12)
FNDA:3,(anonymous_13)
FNDA:43,(anonymous_14)
FNDA:2,(anonymous_15)
FNDA:3,(anonymous_16)
FNDA:3,(anonymous_17)
DA:2,1
DA:3,1
DA:5,1
DA:16,54
DA:18,54
DA:32,2
DA:39,3
DA:46,5
DA:53,2
DA:61,10
DA:72,10
DA:82,2
DA:89,2
DA:107,3
DA:109,3
DA:110,4
DA:114,4
DA:126,8
DA:133,2
DA:140,3
DA:141,3
DA:143,3
DA:158,2
DA:169,3
DA:170,43
DA:171,0
DA:173,43
DA:181,2
DA:184,2
DA:185,0
DA:188,2
DA:202,3
DA:226,3
LF:33
LH:31
BRDA:13,0,0,31
BRDA:61,1,0,10
BRDA:61,1,1,9
BRDA:61,1,2,9
BRDA:61,1,3,7
BRDA:61,1,4,7
BRDA:61,1,5,6
BRDA:61,1,6,5
BRDA:61,1,7,4
BRDA:61,1,8,3
BRDA:80,2,0,2
BRDA:107,3,0,3
BRDA:107,3,1,2
BRDA:110,4,0,3
BRDA:110,4,1,1
BRDA:143,5,0,3
BRDA:143,5,1,3
BRDA:155,6,0,1
BRDA:170,7,0,0
BRDA:184,8,0,0
BRDA:199,9,0,1
BRDA:200,10,0,2
BRDA:223,11,0,1
BRDA:224,12,0,2
BRF:24
BRH:22
end_of_record
TN:
SF:src/utils/index.ts
FN:2,(anonymous_0)
FN:3,(anonymous_1)
FN:4,(anonymous_2)
FNF:3
FNH:0
FNDA:0,(anonymous_0)
FNDA:0,(anonymous_1)
FNDA:0,(anonymous_2)
DA:2,0
DA:3,0
DA:4,0
LF:3
LH:0
BRF:0
BRH:0
end_of_record
